0 info it worked if it ends with ok
1 verbose cli [ '/home/ubuntu/.nvm/versions/node/v4.4.3/bin/node',
1 verbose cli   '/home/ubuntu/.nvm/versions/node/v4.4.3/bin/npm',
1 verbose cli   'install',
1 verbose cli   '@travisjaldrich/dev-environment',
1 verbose cli   '--save' ]
2 info using npm@3.9.2
3 info using node@v4.4.3
4 silly loadCurrentTree Starting
5 silly install loadCurrentTree
6 silly install readLocalPackageData
7 silly fetchPackageMetaData @travisjaldrich/dev-environment
8 silly fetchNamedPackageData @travisjaldrich/dev-environment
9 silly mapToRegistry name @travisjaldrich/dev-environment
10 silly mapToRegistry scope (from package name) @travisjaldrich
11 verbose mapToRegistry no registry URL found in name for scope @travisjaldrich
12 silly mapToRegistry using default registry
13 silly mapToRegistry registry http://localhost:15443/
14 silly mapToRegistry data Result {
14 silly mapToRegistry   raw: '@travisjaldrich/dev-environment',
14 silly mapToRegistry   scope: '@travisjaldrich',
14 silly mapToRegistry   name: '@travisjaldrich/dev-environment',
14 silly mapToRegistry   rawSpec: '',
14 silly mapToRegistry   spec: 'latest',
14 silly mapToRegistry   type: 'tag' }
15 silly mapToRegistry uri http://localhost:15443/@travisjaldrich%2fdev-environment
16 verbose request uri http://localhost:15443/@travisjaldrich%2fdev-environment
17 verbose request no auth needed
18 info attempt registry request try #1 at 11:15:53 PM
19 verbose request id b9053a74130356c1
20 http request GET http://localhost:15443/@travisjaldrich%2fdev-environment
21 info retry will retry, error on last attempt: Error: connect ECONNREFUSED 127.0.0.1:15443
22 info attempt registry request try #2 at 11:16:03 PM
23 http request GET http://localhost:15443/@travisjaldrich%2fdev-environment
24 info retry will retry, error on last attempt: Error: connect ECONNREFUSED 127.0.0.1:15443
25 info attempt registry request try #3 at 11:17:03 PM
26 http request GET http://localhost:15443/@travisjaldrich%2fdev-environment
27 silly fetchPackageMetaData Error: connect ECONNREFUSED 127.0.0.1:15443
27 silly fetchPackageMetaData     at Object.exports._errnoException (util.js:870:11)
27 silly fetchPackageMetaData     at exports._exceptionWithHostPort (util.js:893:20)
27 silly fetchPackageMetaData     at TCPConnectWrap.afterConnect [as oncomplete] (net.js:1061:14)
27 silly fetchPackageMetaData  error for @travisjaldrich/dev-environment { [Error: connect ECONNREFUSED 127.0.0.1:15443]
27 silly fetchPackageMetaData   code: 'ECONNREFUSED',
27 silly fetchPackageMetaData   errno: 'ECONNREFUSED',
27 silly fetchPackageMetaData   syscall: 'connect',
27 silly fetchPackageMetaData   address: '127.0.0.1',
27 silly fetchPackageMetaData   port: 15443 }
28 silly rollbackFailedOptional Starting
29 silly rollbackFailedOptional Finishing
30 silly runTopLevelLifecycles Starting
31 silly runTopLevelLifecycles Finishing
32 silly install printInstalled
33 verbose stack Error: connect ECONNREFUSED 127.0.0.1:15443
33 verbose stack     at Object.exports._errnoException (util.js:870:11)
33 verbose stack     at exports._exceptionWithHostPort (util.js:893:20)
33 verbose stack     at TCPConnectWrap.afterConnect [as oncomplete] (net.js:1061:14)
34 verbose cwd /home/ubuntu/workspace/dev-environment
35 error Linux 4.2.0-c9
36 error argv "/home/ubuntu/.nvm/versions/node/v4.4.3/bin/node" "/home/ubuntu/.nvm/versions/node/v4.4.3/bin/npm" "install" "@travisjaldrich/dev-environment" "--save"
37 error node v4.4.3
38 error npm  v3.9.2
39 error code ECONNREFUSED
40 error errno ECONNREFUSED
41 error syscall connect
42 error Error: connect ECONNREFUSED 127.0.0.1:15443
42 error     at Object.exports._errnoException (util.js:870:11)
42 error     at exports._exceptionWithHostPort (util.js:893:20)
42 error     at TCPConnectWrap.afterConnect [as oncomplete] (net.js:1061:14)
42 error  { [Error: connect ECONNREFUSED 127.0.0.1:15443]
42 error   code: 'ECONNREFUSED',
42 error   errno: 'ECONNREFUSED',
42 error   syscall: 'connect',
42 error   address: '127.0.0.1',
42 error   port: 15443 }
43 error If you are behind a proxy, please make sure that the
43 error 'proxy' config is set properly.  See: 'npm help config'
44 verbose exit [ 1, true ]
